2022-03-08T02:00:03.061Z - info: [ui] [BranchPruner] Last prune took place in 11 hours - skipping
2022-03-08T02:00:04.485Z - info: [ui] Executing getConfigValueInPath: git config -z protocol.version (took 1.301s)
2022-03-08T02:00:08.472Z - info: [ui] Executing fetch: git -c credential.helper= -c protocol.version=2 fetch --progress --prune origin (took 3.987s)
2022-03-08T06:24:41.060Z - info: [ui] [AppStore] loading 5 repositories from store
2022-03-08T06:24:41.060Z - info: [ui] [AppStore] found account: FredaXYu (Freda Xiaoyun Yu)
2022-03-08T06:24:41.398Z - info: [ui] [BranchPruner] Last prune took place in 6 hours - skipping
2022-03-08T06:24:41.866Z - info: [ui] launching: 2.9.11 (Windows 10.0.19042)
2022-03-08T06:24:41.867Z - info: [ui] execPath: 'C:\Users\Administrator\AppData\Local\GitHubDesktop\app-2.9.11\GitHubDesktop.exe'
2022-03-08T06:24:43.549Z - info: [ui] Stats reported.
2022-03-08T06:24:43.653Z - info: [ui] Subscribed 'FredaXYu' to Alive channel
2022-03-08T06:24:43.824Z - info: [ui] Executing installGlobalLFSFilter: git lfs install --skip-repo (took 2.013s)
2022-03-08T06:24:59.107Z - info: [ui] [RepositoryIndicatorUpdater]: Refreshing sidebar indicators for 4 repositories took 3.9s of which 0.0s paused, total 3.9s
2022-03-08T06:25:03.262Z - info: [ui] [AppStore.withAuthenticatingUser] account found for repository: asp8_TowerDefense - FredaXYu (has token)
2022-03-08T06:25:06.181Z - info: [ui] Executing fetch: git -c credential.helper= -c protocol.version=2 fetch --progress --prune origin (took 2.823s)
2022-03-08T06:25:11.383Z - info: [ui] Executing fetch: git -c credential.helper= -c protocol.version=2 fetch --progress --prune upstream (took 5.120s)
2022-03-08T06:25:16.008Z - info: [ui] [Timing] Action 'create commit' for 'fredaxyu/asp8_TowerDefense' took 0.962s
2022-03-08T06:25:18.294Z - info: [ui] [AppStore.withAuthenticatingUser] account found for repository: asp8_TowerDefense - FredaXYu (has token)
2022-03-08T06:25:23.273Z - info: [ui] Executing push: git -c credential.helper= -c protocol.version=2 push origin main:main --progress (took 4.878s)
2022-03-08T06:25:27.289Z - info: [ui] Executing fetch: git -c credential.helper= -c protocol.version=2 fetch --progress --prune origin (took 3.900s)
2022-03-08T06:25:29.670Z - info: [ui] [AppStore.withAuthenticatingUser] account found for repository: asp8_TowerDefense - FredaXYu (has token)
2022-03-08T06:25:32.671Z - info: [ui] Executing fetch: git -c credential.helper= -c protocol.version=2 fetch --progress --prune origin (took 2.909s)
2022-03-08T06:25:35.854Z - info: [ui] Executing fetch: git -c credential.helper= -c protocol.version=2 fetch --progress --prune upstream (took 3.098s)
2022-03-08T06:26:28.216Z - info: [ui] [AppStore.withAuthenticatingUser] account found for repository: asp8_TowerDefense - FredaXYu (has token)
2022-03-08T06:26:31.185Z - info: [ui] Executing fetch: git -c credential.helper= -c protocol.version=2 fetch --progress --prune origin (took 2.734s)
2022-03-08T06:26:33.904Z - info: [ui] Executing fetch: git -c credential.helper= -c protocol.version=2 fetch --progress --prune upstream (took 2.644s)
2022-03-08T06:39:32.506Z - warn: [ui] getFetchPollInterval: failed for fredaxyu/asp8_TowerDefense
TypeError: Failed to fetch
    at Gt (C:\Users\Administrator\AppData\Local\GitHubDesktop\app-2.9.11\webpack:\app\src\lib\http.ts:152:10)
    at In.request (C:\Users\Administrator\AppData\Local\GitHubDesktop\app-2.9.11\webpack:\app\src\lib\api.ts:1324:28)
    at In.getFetchPollInterval (C:\Users\Administrator\AppData\Local\GitHubDesktop\app-2.9.11\webpack:\app\src\lib\api.ts:1362:35)
    at Wo.getFetchInterval (C:\Users\Administrator\AppData\Local\GitHubDesktop\app-2.9.11\webpack:\app\src\lib\stores\helpers\background-fetcher.ts:136:38)
    at Wo.performAndScheduleFetch (C:\Users\Administrator\AppData\Local\GitHubDesktop\app-2.9.11\webpack:\app\src\lib\stores\helpers\background-fetcher.ts:117:33)
2022-03-08T06:44:12.958Z - info: [ui] [RepositoryIndicatorUpdater]: Refreshing sidebar indicators for 4 repositories took 4.5s of which 0.0s paused, total 4.5s
2022-03-08T06:44:14.331Z - info: [ui] [Timing] Action 'create commit' for 'fredaxyu/asp8_TowerDefense' took 0.756s
2022-03-08T06:44:15.335Z - info: [ui] [AppStore.withAuthenticatingUser] account found for repository: asp8_TowerDefense - FredaXYu (has token)
2022-03-08T06:44:19.683Z - info: [ui] Executing push: git -c credential.helper= -c protocol.version=2 push origin main:main --progress (took 4.249s)
2022-03-08T06:44:22.693Z - info: [ui] Executing fetch: git -c credential.helper= -c protocol.version=2 fetch --progress --prune origin (took 2.894s)
2022-03-08T06:47:48.072Z - info: [ui] [Timing] Action 'create commit' for 'fredaxyu/asp8_TowerDefense' took 0.760s
2022-03-08T06:47:48.927Z - info: [ui] [AppStore.withAuthenticatingUser] account found for repository: asp8_TowerDefense - FredaXYu (has token)
2022-03-08T06:47:55.129Z - info: [ui] Executing push: git -c credential.helper= -c protocol.version=2 push origin main:main --progress (took 6.114s)
2022-03-08T06:47:58.884Z - info: [ui] Executing fetch: git -c credential.helper= -c protocol.version=2 fetch --progress --prune origin (took 3.578s)
2022-03-08T06:50:14.913Z - info: [ui] [AppStore] loading 5 repositories from store
2022-03-08T06:50:14.914Z - info: [ui] [AppStore] found account: FredaXYu (Freda Xiaoyun Yu)
2022-03-08T06:50:14.922Z - info: [ui] [BranchPruner] Last prune took place in a day - skipping
2022-03-08T06:50:16.106Z - info: [ui] launching: 2.9.11 (Windows 10.0.19042)
2022-03-08T06:50:16.107Z - info: [ui] execPath: 'C:\Users\Administrator\AppData\Local\GitHubDesktop\app-2.9.11\GitHubDesktop.exe'
2022-03-08T06:50:16.107Z - info: [ui] Executing getStatus: git --no-optional-locks status --untracked-files=all --branch --porcelain=2 -z (took 1.010s)
2022-03-08T06:50:16.108Z - info: [ui] Executing getRemotes: git remote -v (took 1.036s)
2022-03-08T06:50:16.108Z - info: [ui] Executing getRemotes: git remote -v (took 1.097s)
2022-03-08T06:50:17.679Z - info: [ui] Executing installGlobalLFSFilter: git lfs install --skip-repo (took 1.693s)
2022-03-08T06:50:17.681Z - info: [ui] Subscribed 'FredaXYu' to Alive channel
2022-03-08T07:02:20.752Z - warn: [ui] fetchRepository: 'FredaXYu/ASP_Group8_Gantt_Chart' returned a 404
2022-03-08T07:02:21.070Z - warn: [ui] fetchRepository: 'fredaxyu/ASP_Group8_Gantt_Chart' returned a 404
2022-03-08T07:02:21.072Z - info: [ui] [AppStore.withAuthenticatingUser] account found for repository: ASP_Group8_Gantt_Chart - FredaXYu (has token)
2022-03-08T07:02:21.475Z - info: [ui] [BranchPruner] Last prune took place in 6 hours - skipping
2022-03-08T07:02:25.502Z - info: [ui] Executing fetch: git -c credential.helper= -c protocol.version=2 fetch --progress --prune origin (took 4.317s)
2022-03-08T07:02:25.506Z - error: [ui] `git -c credential.helper= -c protocol.version=2 fetch --progress --prune origin` exited with an unexpected code: 128.
stderr:
remote: Repository not found.
fatal: repository 'https://github.com/FredaXYu/ASP_Group8_Gantt_Chart.git/' not found

(The error was parsed as 8: The repository does not seem to exist anymore. You may not have access, or it may have been deleted or renamed.)
2022-03-08T07:02:27.816Z - info: [ui] [RepositoryIndicatorUpdater]: Refreshing sidebar indicators for 4 repositories took 8.7s of which 0.0s paused, total 8.7s
2022-03-08T07:02:36.206Z - info: [ui] [Timing] Action 'create commit' for 'fredaxyu/ASP_Group8' took 1.072s
2022-03-08T07:02:36.598Z - info: [ui] [AppStore.withAuthenticatingUser] account found for repository: ASP_Group8 - FredaXYu (has token)
2022-03-08T07:02:40.725Z - info: [ui] Executing push: git -c credential.helper= -c protocol.version=2 push origin main:main --progress (took 3.850s)
2022-03-08T07:02:40.727Z - error: [ui] `git -c credential.helper= -c protocol.version=2 push origin main:main --progress` exited with an unexpected code: 1.
stderr:
To https://github.com/FredaXYu/ASP_Group8.git
 ! [rejected]        main -> main (fetch first)
error: failed to push some refs to 'https://github.com/FredaXYu/ASP_Group8.git'
hint: Updates were rejected because the remote contains work that you do
hint: not have locally. This is usually caused by another repository pushing
hint: to the same ref. You may want to first integrate the remote changes
hint: (e.g., 'git pull ...') before pushing again.
hint: See the 'Note about fast-forwards' in 'git push --help' for details.

(The error was parsed as 10: The repository has been updated since you last pulled. Try pulling before pushing.)
2022-03-08T07:02:51.142Z - info: [ui] [AppStore.withAuthenticatingUser] account found for repository: ASP_Group8 - FredaXYu (has token)
2022-03-08T07:02:54.766Z - info: [ui] Executing fetch: git -c credential.helper= -c protocol.version=2 fetch --progress --prune origin (took 3.395s)
2022-03-08T07:02:57.742Z - info: [ui] [AppStore.withAuthenticatingUser] account found for repository: ASP_Group8 - FredaXYu (has token)
2022-03-08T07:03:00.924Z - info: [ui] Executing pull: git -c credential.helper= -c protocol.version=2 -c rebase.backend=merge pull --progress origin (took 3.002s)
2022-03-08T07:03:28.279Z - info: [ui] [AppStore.withAuthenticatingUser] account found for repository: ASP_Group8 - FredaXYu (has token)
2022-03-08T07:03:35.806Z - info: [ui] Executing push: git -c credential.helper= -c protocol.version=2 push origin main:main --progress (took 7.422s)
2022-03-08T07:03:38.808Z - info: [ui] Executing fetch: git -c credential.helper= -c protocol.version=2 fetch --progress --prune origin (took 2.813s)
2022-03-08T07:12:30.530Z - warn: [ui] getFetchPollInterval: failed for fredaxyu/ASP_Group8
TypeError: Failed to fetch
    at Gt (C:\Users\Administrator\AppData\Local\GitHubDesktop\app-2.9.11\webpack:\app\src\lib\http.ts:152:10)
    at In.request (C:\Users\Administrator\AppData\Local\GitHubDesktop\app-2.9.11\webpack:\app\src\lib\api.ts:1324:28)
    at In.getFetchPollInterval (C:\Users\Administrator\AppData\Local\GitHubDesktop\app-2.9.11\webpack:\app\src\lib\api.ts:1362:35)
    at Wo.getFetchInterval (C:\Users\Administrator\AppData\Local\GitHubDesktop\app-2.9.11\webpack:\app\src\lib\stores\helpers\background-fetcher.ts:136:38)
    at Wo.performAndScheduleFetch (C:\Users\Administrator\AppData\Local\GitHubDesktop\app-2.9.11\webpack:\app\src\lib\stores\helpers\background-fetcher.ts:117:33)
2022-03-08T07:14:10.323Z - info: [ui] Executing getStatus: git --no-optional-locks status --untracked-files=all --branch --porcelain=2 -z (took 1.140s)
2022-03-08T08:24:52.178Z - error: [ui] `git -c credential.helper= -c protocol.version=2 fetch --progress --prune origin` exited with an unexpected code: 128.
stderr:
fatal: unable to access 'https://github.com/FredaXYu/ASP_Group8.git/': schannel: failed to receive handshake, SSL/TLS connection failed

2022-03-08T08:24:53.923Z - info: [ui] Executing getAheadBehind: git rev-list --left-right --count main...origin/main -- (took 1.752s)
2022-03-08T08:24:55.316Z - info: [ui] [fetchPushControl] unable to check if branch is potentially pushable
TypeError: Failed to fetch
    at Gt (C:\Users\Administrator\AppData\Local\GitHubDesktop\app-2.9.11\webpack:\app\src\lib\http.ts:152:10)
    at In.request (C:\Users\Administrator\AppData\Local\GitHubDesktop\app-2.9.11\webpack:\app\src\lib\api.ts:1324:28)
    at In.fetchPushControl (C:\Users\Administrator\AppData\Local\GitHubDesktop\app-2.9.11\webpack:\app\src\lib\api.ts:1242:35)
    at Mr.refreshBranchProtectionState (C:\Users\Administrator\AppData\Local\GitHubDesktop\app-2.9.11\webpack:\app\src\lib\stores\app-store.ts:1056:37)
    at C:\Users\Administrator\AppData\Local\GitHubDesktop\app-2.9.11\webpack:\app\src\lib\stores\app-store.ts:4598:20
    at processTicksAndRejections (node:internal/process/task_queues:96:5)
    at Mr.withPushPullFetch (C:\Users\Administrator\AppData\Local\GitHubDesktop\app-2.9.11\webpack:\app\src\lib\stores\app-store.ts:4115:5)
    at Mr.performFetch (C:\Users\Administrator\AppData\Local\GitHubDesktop\app-2.9.11\webpack:\app\src\lib\stores\app-store.ts:4549:5)
    at Wo.performAndScheduleFetch (C:\Users\Administrator\AppData\Local\GitHubDesktop\app-2.9.11\webpack:\app\src\lib\stores\helpers\background-fetcher.ts:102:7)
2022-03-08T08:30:06.495Z - info: [ui] Executing fetch: git -c credential.helper= -c protocol.version=2 fetch --progress --prune origin (took 4.161s)
2022-03-08T09:32:49.158Z - info: [ui] Executing fetch: git -c credential.helper= -c protocol.version=2 fetch --progress --prune origin (took 4.311s)
2022-03-08T10:03:32.398Z - info: [ui] Executing fetch: git -c credential.helper= -c protocol.version=2 fetch --progress --prune origin (took 4.115s)
2022-03-08T10:33:57.204Z - info: [ui] Executing fetch: git -c credential.helper= -c protocol.version=2 fetch --progress --prune origin (took 11.245s)
2022-03-08T12:13:28.760Z - info: [ui] [BranchPruner] Last prune took place in 25 minutes - skipping
2022-03-08T12:13:35.323Z - info: [ui] Executing fetch: git -c credential.helper= -c protocol.version=2 fetch --progress --prune origin (took 5.241s)
2022-03-08T13:31:44.499Z - info: [ui] [AppStore] loading 5 repositories from store
2022-03-08T13:31:44.500Z - info: [ui] [AppStore] found account: FredaXYu (Freda Xiaoyun Yu)
2022-03-08T13:31:45.141Z - info: [ui] launching: 2.9.11 (Windows 10.0.19042)
2022-03-08T13:31:45.142Z - info: [ui] execPath: 'C:\Users\Administrator\AppData\Local\GitHubDesktop\app-2.9.11\GitHubDesktop.exe'
2022-03-08T13:31:45.989Z - info: [ui] Executing installGlobalLFSFilter: git lfs install --skip-repo (took 1.006s)
2022-03-08T13:32:16.422Z - info: [ui] Executing fetch: git -c credential.helper= -c protocol.version=2 fetch --progress --prune origin (took 16.847s)
2022-03-08T13:32:19.613Z - info: [ui] Subscribed 'FredaXYu' to Alive channel
2022-03-08T13:34:27.955Z - warn: [ui] fetchRepository: 'FredaXYu/ASP_Group8_Gantt_Chart' returned a 404
2022-03-08T13:34:28.266Z - warn: [ui] fetchRepository: 'fredaxyu/ASP_Group8_Gantt_Chart' returned a 404
2022-03-08T13:34:28.267Z - info: [ui] [AppStore.withAuthenticatingUser] account found for repository: ASP_Group8_Gantt_Chart - FredaXYu (has token)
2022-03-08T13:34:29.082Z - info: [ui] [Timing] Action 'create commit' for 'fredaxyu/ASP_Group8' took 1.148s
2022-03-08T13:34:29.445Z - info: [ui] [AppStore.withAuthenticatingUser] account found for repository: ASP_Group8 - FredaXYu (has token)
2022-03-08T13:34:31.746Z - info: [ui] Executing fetch: git -c credential.helper= -c protocol.version=2 fetch --progress --prune origin (took 3.369s)
2022-03-08T13:34:31.749Z - error: [ui] `git -c credential.helper= -c protocol.version=2 fetch --progress --prune origin` exited with an unexpected code: 128.
stderr:
remote: Repository not found.
fatal: repository 'https://github.com/FredaXYu/ASP_Group8_Gantt_Chart.git/' not found

(The error was parsed as 8: The repository does not seem to exist anymore. You may not have access, or it may have been deleted or renamed.)
2022-03-08T13:34:33.296Z - info: [ui] [RepositoryIndicatorUpdater]: Refreshing sidebar indicators for 4 repositories took 8.1s of which 0.0s paused, total 8.1s
2022-03-08T13:34:36.040Z - info: [ui] Executing push: git -c credential.helper= -c protocol.version=2 push origin main:main --progress (took 6.423s)
2022-03-08T13:34:39.636Z - info: [ui] Executing fetch: git -c credential.helper= -c protocol.version=2 fetch --progress --prune origin (took 3.492s)
