2022-03-03T07:52:45.088Z - info: [ui] [AppStore] loading 5 repositories from store
2022-03-03T07:52:45.089Z - info: [ui] [AppStore] found account: FredaXYu (Freda Xiaoyun Yu)
2022-03-03T07:52:45.438Z - info: [ui] [BranchPruner] Last prune took place in an hour - skipping
2022-03-03T07:52:45.912Z - info: [ui] launching: 2.9.10 (Windows 10.0.19042)
2022-03-03T07:52:45.912Z - info: [ui] execPath: 'C:\Users\Administrator\AppData\Local\GitHubDesktop\app-2.9.10\GitHubDesktop.exe'
2022-03-03T07:52:47.365Z - info: [ui] Stats reported.
2022-03-03T07:52:47.419Z - info: [ui] Subscribed 'FredaXYu' to Alive channel
2022-03-03T07:52:47.714Z - info: [ui] Executing installGlobalLFSFilter: git lfs install --skip-repo (took 1.863s)
2022-03-03T07:52:49.615Z - info: [ui] Executing getChangedFilesNumStats: git log e8c4b0740d462bc51b7904bad358add1958d6230 -C -M -m -1 --no-show-signature --first-parent --format=format: -z --numstat -- (took 1.638s)
2022-03-03T07:52:51.465Z - info: [ui] Executing fetch: git -c credential.helper= -c protocol.version=2 fetch --progress --prune origin (took 2.613s)
2022-03-03T07:52:56.114Z - info: [ui] [AppStore.withAuthenticatingUser] account found for repository: asp8_TowerDefense - FredaXYu (has token)
2022-03-03T07:52:59.780Z - info: [ui] Executing fetch: git -c credential.helper= -c protocol.version=2 fetch --progress --prune origin (took 3.573s)
2022-03-03T07:53:03.983Z - info: [ui] Executing fetch: git -c credential.helper= -c protocol.version=2 fetch --progress --prune upstream (took 4.114s)
2022-03-03T07:55:41.402Z - info: [ui] [RepositoryIndicatorUpdater]: Refreshing sidebar indicators for 4 repositories took 3.8s of which 0.0s paused, total 3.8s
2022-03-03T07:56:11.742Z - info: [ui] [Timing] Action 'create commit' for 'fredaxyu/asp8_TowerDefense' took 1.165s
2022-03-03T07:56:13.073Z - info: [ui] [AppStore.withAuthenticatingUser] account found for repository: asp8_TowerDefense - FredaXYu (has token)
2022-03-03T07:56:33.731Z - info: [ui] Executing push: git -c credential.helper= -c protocol.version=2 push origin main:main --progress (took 20.564s)
2022-03-03T07:56:37.677Z - info: [ui] Executing fetch: git -c credential.helper= -c protocol.version=2 fetch --progress --prune origin (took 3.762s)
2022-03-03T08:26:59.574Z - info: [ui] Executing fetch: git -c credential.helper= -c protocol.version=2 fetch --progress --prune origin (took 4.395s)
2022-03-03T08:27:04.531Z - info: [ui] Executing fetch: git -c credential.helper= -c protocol.version=2 fetch --progress --prune upstream (took 4.870s)
2022-03-03T08:53:46.565Z - warn: [ui] getFetchPollInterval: failed for fredaxyu/asp8_TowerDefense
TypeError: Failed to fetch
    at zt (C:\Users\Administrator\AppData\Local\GitHubDesktop\app-2.9.10\webpack:\app\src\lib\http.ts:152:10)
    at Pn.request (C:\Users\Administrator\AppData\Local\GitHubDesktop\app-2.9.10\webpack:\app\src\lib\api.ts:1324:28)
    at Pn.getFetchPollInterval (C:\Users\Administrator\AppData\Local\GitHubDesktop\app-2.9.10\webpack:\app\src\lib\api.ts:1362:35)
    at Uo.getFetchInterval (C:\Users\Administrator\AppData\Local\GitHubDesktop\app-2.9.10\webpack:\app\src\lib\stores\helpers\background-fetcher.ts:136:38)
    at Uo.performAndScheduleFetch (C:\Users\Administrator\AppData\Local\GitHubDesktop\app-2.9.10\webpack:\app\src\lib\stores\helpers\background-fetcher.ts:117:33)
2022-03-03T09:54:07.926Z - info: [ui] Executing fetch: git -c credential.helper= -c protocol.version=2 fetch --progress --prune origin (took 16.710s)
2022-03-03T09:54:07.935Z - error: [ui] `git -c credential.helper= -c protocol.version=2 fetch --progress --prune origin` exited with an unexpected code: 128.
stderr:
fatal: unable to access 'https://github.com/FredaXYu/asp8_TowerDefense.git/': Empty reply from server

2022-03-03T09:54:09.869Z - info: [ui] Executing fetch: git -c credential.helper= -c protocol.version=2 fetch --progress --prune upstream (took 1.761s)
2022-03-03T10:55:35.829Z - info: [ui] Executing getConfigValueInPath: git config -z protocol.version (took 5.977s)
2022-03-03T10:55:57.314Z - info: [ui] Executing fetch: git -c credential.helper= -c protocol.version=2 fetch --progress --prune origin (took 21.484s)
2022-03-03T10:55:57.323Z - error: [ui] `git -c credential.helper= -c protocol.version=2 fetch --progress --prune origin` exited with an unexpected code: 128.
stderr:
fatal: unable to access 'https://github.com/FredaXYu/asp8_TowerDefense.git/': schannel: failed to receive handshake, SSL/TLS connection failed

2022-03-03T10:55:59.064Z - info: [ui] Executing fetch: git -c credential.helper= -c protocol.version=2 fetch --progress --prune upstream (took 1.571s)
2022-03-03T11:22:13.871Z - warn: [ui] getFetchPollInterval: failed for fredaxyu/asp8_TowerDefense
TypeError: Failed to fetch
    at zt (C:\Users\Administrator\AppData\Local\GitHubDesktop\app-2.9.10\webpack:\app\src\lib\http.ts:152:10)
    at Pn.request (C:\Users\Administrator\AppData\Local\GitHubDesktop\app-2.9.10\webpack:\app\src\lib\api.ts:1324:28)
    at Pn.getFetchPollInterval (C:\Users\Administrator\AppData\Local\GitHubDesktop\app-2.9.10\webpack:\app\src\lib\api.ts:1362:35)
    at Uo.getFetchInterval (C:\Users\Administrator\AppData\Local\GitHubDesktop\app-2.9.10\webpack:\app\src\lib\stores\helpers\background-fetcher.ts:136:38)
    at Uo.performAndScheduleFetch (C:\Users\Administrator\AppData\Local\GitHubDesktop\app-2.9.10\webpack:\app\src\lib\stores\helpers\background-fetcher.ts:117:33)
2022-03-03T12:12:18.372Z - info: [ui] [BranchPruner] Last prune took place in 20 hours - skipping
2022-03-03T12:22:21.078Z - info: [ui] Executing fetch: git -c credential.helper= -c protocol.version=2 fetch --progress --prune origin (took 2.848s)
2022-03-03T12:22:23.635Z - info: [ui] Executing fetch: git -c credential.helper= -c protocol.version=2 fetch --progress --prune upstream (took 2.478s)
